#
# There is insufficient memory for the Java Runtime Environment to continue.
# Native memory allocation (malloc) failed to allocate 32744 bytes for ChunkPool::allocate
# Possible reasons:
#   The system is out of physical RAM or swap space
#   The process is running with CompressedOops enabled, and the Java Heap may be blocking the growth of the native heap
# Possible solutions:
#   Reduce memory load on the system
#   Increase physical memory or swap space
#   Check if swap backing store is full
#   Decrease Java heap size (-Xmx/-Xms)
#   Decrease number of Java threads
#   Decrease Java thread stack sizes (-Xss)
#   Set larger code cache with -XX:ReservedCodeCacheSize=
#   JVM is running with Zero Based Compressed Oops mode in which the Java heap is
#     placed in the first 32GB address space. The Java Heap base address is the
#     maximum limit for the native heap growth. Please use -XX:HeapBaseMinAddress
#     to set the Java Heap base and to place the Java Heap above 32GB virtual address.
# This output file may be truncated or incomplete.
#
#  Out of Memory Error (allocation.cpp:272), pid=8760, tid=0x00000000000022b4
#
# JRE version: Java(TM) SE Runtime Environment (8.0_251-b08) (build 1.8.0_251-b08)
# Java VM: Java HotSpot(TM) 64-Bit Server VM (25.251-b08 mixed mode windows-amd64 compressed oops)
# Failed to write core dump. Minidumps are not enabled by default on client versions of Windows
#

---------------  T H R E A D  ---------------

Current thread (0x000000001e06d800):  JavaThread "C2 CompilerThread0" daemon [_thread_in_native, id=8884, stack(0x000000001f6c0000,0x000000001f7c0000)]

Stack: [0x000000001f6c0000,0x000000001f7c0000]
[error occurred during error reporting (printing stack bounds), id 0xc0000005]

Native frames: (J=compiled Java code, j=interpreted, Vv=VM code, C=native code)


Current CompileTask:
C2:    207  308  s    4       sun.misc.URLClassPath::getNextLoader (88 bytes)


---------------  P R O C E S S  ---------------

Java Threads: ( => current thread )
  0x000000001e0ed800 JavaThread "Service Thread" daemon [_thread_blocked, id=6740, stack(0x000000001fbc0000,0x000000001fcc0000)]
  0x000000001e077800 JavaThread "C1 CompilerThread3" daemon [_thread_in_native, id=7416, stack(0x000000001f9c0000,0x000000001fac0000)]
  0x000000001e076800 JavaThread "C2 CompilerThread2" daemon [_thread_in_native, id=7920, stack(0x000000001f8c0000,0x000000001f9c0000)]
  0x000000001e074000 JavaThread "C2 CompilerThread1" daemon [_thread_in_native, id=12652, stack(0x000000001f7c0000,0x000000001f8c0000)]
=>0x000000001e06d800 JavaThread "C2 CompilerThread0" daemon [_thread_in_native, id=8884, stack(0x000000001f6c0000,0x000000001f7c0000)]
  0x000000001e063800 JavaThread "Attach Listener" daemon [_thread_blocked, id=15688, stack(0x000000001f5c0000,0x000000001f6c0000)]
  0x000000001e062000 JavaThread "Signal Dispatcher" daemon [_thread_blocked, id=8232, stack(0x000000001f4c0000,0x000000001f5c0000)]
  0x000000001c993800 JavaThread "Finalizer" daemon [_thread_blocked, id=14168, stack(0x000000001f2c0000,0x000000001f3c0000)]
  0x000000001e053000 JavaThread "Reference Handler" daemon [_thread_blocked, id=13128, stack(0x000000001f1c0000,0x000000001f2c0000)]
  0x0000000002cce800 JavaThread "main" [_thread_in_native, id=14920, stack(0x0000000002cd0000,0x0000000002dd0000)]

Other Threads:
  0x000000001c986800 VMThread [stack: 0x000000001f0c0000,0x000000001f1c0000] [id=13920]
  0x000000001e118800 WatcherThread [stack: 0x000000001fcc0000,0x000000001fdc0000] [id=4540]

VM state:not at safepoint (normal execution)

VM Mutex/Monitor currently owned by a thread: None

heap address: 0x00000006c4000000, size: 4032 MB, Compressed Oops mode: Zero based, Oop shift amount: 3
Narrow klass base: 0x0000000000000000, Narrow klass shift: 3
Compressed class space size: 1073741824 Address: 0x00000007c0000000

Heap:
 PSYoungGen      total 75264K, used 10324K [0x000000076c000000, 0x0000000771400000, 0x00000007c0000000)
  eden space 64512K, 16% used [0x000000076c000000,0x000000076ca15010,0x000000076ff00000)
  from space 10752K, 0% used [0x0000000770980000,0x0000000770980000,0x0000000771400000)
  to   space 10752K, 0% used [0x000000076ff00000,0x000000076ff00000,0x0000000770980000)
 ParOldGen       total 172032K, used 0K [0x00000006c4000000, 0x00000006ce800000, 0x000000076c000000)
  object space 172032K, 0% used [0x00000006c4000000,0x00000006c4000000,0x00000006ce800000)
 Metaspace       used 5427K, capacity 5868K, committed 6144K, reserved 1058816K
  class space    used 599K, capacity 664K, committed 768K, reserved 1048576K

Card table byte_map: [0x0000000012290000,0x0000000012a80000] byte_map_base: 0x000000000ec70000

Marking Bits: (ParMarkBitMap*) 0x0000000075a3af90
 Begin Bits: [0x00000000139c0000, 0x00000000178c0000)
 End Bits:   [0x00000000178c0000, 0x000000001b7c0000)

Polling page: 0x0000000000d70000

CodeCache: size=245760Kb used=1839Kb max_used=1839Kb free=243920Kb
 bounds [0x0000000002ed0000, 0x0000000003140000, 0x0000000011ed0000]
 total_blobs=590 nmethods=312 adapters=191
 compilation: enabled

Compilation events (10 events):
Event: 0.194 Thread 0x000000001e077800  310       3       java.lang.String::<init> (15 bytes)
Event: 0.194 Thread 0x000000001e077800 nmethod 310 0x0000000003096650 code [0x00000000030967e0, 0x0000000003096bc8]
Event: 0.195 Thread 0x000000001e077800  311       3       java.util.zip.ZipFile::getZipEntry (251 bytes)
Event: 0.195 Thread 0x000000001e077800 nmethod 311 0x0000000003096d90 code [0x0000000003096fe0, 0x0000000003097c08]
Event: 0.195 Thread 0x000000001e077800  312       3       java.net.URL::toExternalForm (9 bytes)
Event: 0.195 Thread 0x000000001e077800 nmethod 312 0x0000000003098050 code [0x00000000030981c0, 0x00000000030983e8]
Event: 0.195 Thread 0x000000001e077800  313       3       java.net.URLStreamHandler::toExternalForm (219 bytes)
Event: 0.195 Thread 0x000000001e076800  314   !   4       sun.misc.URLClassPath$JarLoader::getResource (85 bytes)
Event: 0.196 Thread 0x000000001e077800 nmethod 313 0x0000000003098490 code [0x00000000030987e0, 0x000000000309bde8]
Event: 0.196 Thread 0x000000001e077800  317   !   3       java.net.URL::<init> (543 bytes)

GC Heap History (0 events):
No events

Deoptimization events (0 events):
No events

Classes redefined (0 events):
No events

Internal exceptions (6 events):
Event: 0.036 Thread 0x0000000002cce800 Exception <a 'java/lang/NoSuchMethodError': Method sun.misc.Unsafe.defineClass(Ljava/lang/String;[BII)Ljava/lang/Class; name or signature does not match> (0x000000076c007cc0) thrown at [C:\jenkins\workspace\8-2-build-windows-amd64-cygwin\jdk8u251\737\hots
Event: 0.036 Thread 0x0000000002cce800 Exception <a 'java/lang/NoSuchMethodError': Method sun.misc.Unsafe.prefetchRead(Ljava/lang/Object;J)V name or signature does not match> (0x000000076c007fa8) thrown at [C:\jenkins\workspace\8-2-build-windows-amd64-cygwin\jdk8u251\737\hotspot\src\share\vm\p
Event: 0.138 Thread 0x0000000002cce800 Exception <a 'java/security/PrivilegedActionException'> (0x000000076c4a4048) thrown at [C:\jenkins\workspace\8-2-build-windows-amd64-cygwin\jdk8u251\737\hotspot\src\share\vm\prims\jvm.cpp, line 1502]
Event: 0.138 Thread 0x0000000002cce800 Exception <a 'java/security/PrivilegedActionException'> (0x000000076c4a4258) thrown at [C:\jenkins\workspace\8-2-build-windows-amd64-cygwin\jdk8u251\737\hotspot\src\share\vm\prims\jvm.cpp, line 1502]
Event: 0.139 Thread 0x0000000002cce800 Exception <a 'java/security/PrivilegedActionException'> (0x000000076c4a8350) thrown at [C:\jenkins\workspace\8-2-build-windows-amd64-cygwin\jdk8u251\737\hotspot\src\share\vm\prims\jvm.cpp, line 1502]
Event: 0.139 Thread 0x0000000002cce800 Exception <a 'java/security/PrivilegedActionException'> (0x000000076c4a8560) thrown at [C:\jenkins\workspace\8-2-build-windows-amd64-cygwin\jdk8u251\737\hotspot\src\share\vm\prims\jvm.cpp, line 1502]

Events (10 events):
Event: 0.196 loading class org/eclipse/sisu/inject/MildValues
Event: 0.196 loading class org/eclipse/sisu/inject/MildValues done
Event: 0.196 loading class org/eclipse/sisu/inject/MildValues$Soft
Event: 0.196 loading class org/eclipse/sisu/inject/MildValues$Soft done
Event: 0.196 loading class org/eclipse/sisu/inject/MildValues$InverseMapping
Event: 0.196 loading class org/eclipse/sisu/inject/MildValues$InverseMapping done
Event: 0.197 loading class org/eclipse/sisu/inject/MildKeys$Soft
Event: 0.197 loading class org/eclipse/sisu/inject/MildKeys$Soft done
Event: 0.197 loading class org/eclipse/sisu/inject/MildValues$Weak
Event: 0.197 loading class org/eclipse/sisu/inject/MildValues$Weak done


Dynamic libraries:
0x00007ff79d6b0000 - 0x00007ff79d6e7000 	C:\Program Files\Java\jdk1.8.0_251\bin\java.exe
0x00007ffc4b650000 - 0x00007ffc4b844000 	C:\WINDOWS\SYSTEM32\ntdll.dll
0x00007ffc4b050000 - 0x00007ffc4b10d000 	C:\WINDOWS\System32\KERNEL32.DLL
0x00007ffc48ea0000 - 0x00007ffc49167000 	C:\WINDOWS\System32\KERNELBASE.dll
0x00007ffc4afa0000 - 0x00007ffc4b04a000 	C:\WINDOWS\System32\ADVAPI32.dll
0x00007ffc4aa30000 - 0x00007ffc4aace000 	C:\WINDOWS\System32\msvcrt.dll
0x00007ffc4b190000 - 0x00007ffc4b22b000 	C:\WINDOWS\System32\sechost.dll
0x00007ffc4a1b0000 - 0x00007ffc4a2d3000 	C:\WINDOWS\System32\RPCRT4.dll
0x00007ffc4b470000 - 0x00007ffc4b610000 	C:\WINDOWS\System32\USER32.dll
0x00007ffc49510000 - 0x00007ffc49532000 	C:\WINDOWS\System32\win32u.dll
0x00007ffc4ab30000 - 0x00007ffc4ab5a000 	C:\WINDOWS\System32\GDI32.dll
0x00007ffc491f0000 - 0x00007ffc492fa000 	C:\WINDOWS\System32\gdi32full.dll
0x00007ffc49540000 - 0x00007ffc495dd000 	C:\WINDOWS\System32\msvcp_win.dll
0x00007ffc48da0000 - 0x00007ffc48ea0000 	C:\WINDOWS\System32\ucrtbase.dll
0x00007ffc37760000 - 0x00007ffc379fa000 	C:\WINDOWS\WinSxS\amd64_microsoft.windows.common-controls_6595b64144ccf1df_6.0.19041.1_none_b555e41d4684ddec\COMCTL32.dll
0x00007ffc4a180000 - 0x00007ffc4a1b0000 	C:\WINDOWS\System32\IMM32.DLL
0x00007ffc1ca70000 - 0x00007ffc1cb22000 	C:\Program Files\McAfee\Endpoint Security\Threat Prevention\Ips\EpMPApi.dll
0x00007ffc49660000 - 0x00007ffc496c0000 	C:\WINDOWS\System32\WINTRUST.dll
0x00007ffc49300000 - 0x00007ffc4945d000 	C:\WINDOWS\System32\CRYPT32.dll
0x00007ffc489a0000 - 0x00007ffc489b2000 	C:\WINDOWS\SYSTEM32\MSASN1.dll
0x0000000076b30000 - 0x0000000076b3c000 	C:\Program Files\McAfee\Endpoint Security\Threat Prevention\Ips\EpMPThe.dll
0x00007ffc182e0000 - 0x00007ffc1831a000 	C:\Program Files\McAfee\Endpoint Security\Threat Prevention\Ips\HIPHandlers64.dll
0x00007ffc4aad0000 - 0x00007ffc4ab25000 	C:\WINDOWS\System32\SHLWAPI.dll
0x0000000075ac0000 - 0x0000000075b92000 	C:\Program Files\Java\jdk1.8.0_251\jre\bin\msvcr100.dll
0x0000000075210000 - 0x0000000075abb000 	C:\Program Files\Java\jdk1.8.0_251\jre\bin\server\jvm.dll
0x00007ffc4a430000 - 0x00007ffc4a438000 	C:\WINDOWS\System32\PSAPI.DLL
0x00007ffc2f380000 - 0x00007ffc2f389000 	C:\WINDOWS\SYSTEM32\WSOCK32.dll
0x00007ffc40540000 - 0x00007ffc4054a000 	C:\WINDOWS\SYSTEM32\VERSION.dll
0x00007ffc37bb0000 - 0x00007ffc37bd7000 	C:\WINDOWS\SYSTEM32\WINMM.dll
0x00007ffc4b230000 - 0x00007ffc4b29b000 	C:\WINDOWS\System32\WS2_32.dll
0x00007ffc445c0000 - 0x00007ffc445cf000 	C:\Program Files\Java\jdk1.8.0_251\jre\bin\verify.dll
0x00007ffc3f510000 - 0x00007ffc3f539000 	C:\Program Files\Java\jdk1.8.0_251\jre\bin\java.dll
0x00007ffc33530000 - 0x00007ffc33546000 	C:\Program Files\Java\jdk1.8.0_251\jre\bin\zip.dll
0x00007ffc49a40000 - 0x00007ffc4a174000 	C:\WINDOWS\System32\SHELL32.dll
0x00007ffc46e10000 - 0x00007ffc4759e000 	C:\WINDOWS\SYSTEM32\windows.storage.dll
0x00007ffc4ac40000 - 0x00007ffc4af93000 	C:\WINDOWS\System32\combase.dll
0x00007ffc48820000 - 0x00007ffc4884b000 	C:\WINDOWS\SYSTEM32\Wldp.dll
0x00007ffc49790000 - 0x00007ffc4983e000 	C:\WINDOWS\System32\SHCORE.dll
0x00007ffc48ce0000 - 0x00007ffc48cff000 	C:\WINDOWS\SYSTEM32\profapi.dll
0x00007ffc32e80000 - 0x00007ffc32e8a000 	D:\apache-maven-3.5.4\lib\jansi-native\windows64\jansi.dll

VM Arguments:
jvm_args: -Dclassworlds.conf=D:\apache-maven-3.5.4\bin\..\bin\m2.conf -Dmaven.home=D:\apache-maven-3.5.4\bin\.. -Dlibrary.jansi.path=D:\apache-maven-3.5.4\bin\..\lib\jansi-native -Dmaven.multiModuleProjectDirectory=C:\Users\P3701240\IdeaProjects\liquibase-demo 
java_command: org.codehaus.plexus.classworlds.launcher.Launcher clean install -DskipTests -T4 -q
java_class_path (initial): D:\apache-maven-3.5.4\bin\..\boot\plexus-classworlds-2.5.2.jar
Launcher Type: SUN_STANDARD

Environment Variables:
JAVA_HOME=C:\Program Files\Java\jdk1.8.0_251
PATH=C:\Program Files (x86)\Common Files\Oracle\Java\javapath;C:\WINDOWS\system32;C:\WINDOWS;C:\WINDOWS\System32\Wbem;C:\WINDOWS\System32\WindowsPowerShell\v1.0\;C:\WINDOWS\System32\OpenSSH\;C:\Program Files (x86)\SysinternalsSuite\;C:\Program Files\Intel\WiFi\bin\;C:\Program Files\Common Files\Intel\WirelessCommon\;C:\Program Files\Git\cmd;C:\Users\P3701240\AppData\Local\Microsoft\WindowsApps;C:\Program Files\Java\jdk1.8.0_251\bin;D:\apache-maven-3.5.4\bin;
USERNAME=P3701240
OS=Windows_NT
PROCESSOR_IDENTIFIER=Intel64 Family 6 Model 158 Stepping 10, GenuineIntel



---------------  S Y S T E M  ---------------

OS: Windows 10.0 , 64 bit Build 19041 (10.0.19041.292)

CPU:total 12 (initial active 12) (6 cores per cpu, 2 threads per core) family 6 model 158 stepping 10, cmov, cx8, fxsr, mmx, sse, sse2, sse3, ssse3, sse4.1, sse4.2, popcnt, avx, avx2, aes, clmul, erms, 3dnowpref, lzcnt, ht, tsc, tscinvbit, bmi1, bmi2, adx

Memory: 4k page, physical 16511460k(5549540k free), swap 17560036k(2084k free)

vm_info: Java HotSpot(TM) 64-Bit Server VM (25.251-b08) for windows-amd64 JRE (1.8.0_251-b08), built on Mar 12 2020 06:31:49 by "" with MS VC++ 10.0 (VS2010)

time: Wed Jul 01 16:38:59 2020
timezone: GTB Daylight Time
elapsed time: 0 seconds (0d 0h 0m 0s)

