#
# There is insufficient memory for the Java Runtime Environment to continue.
# Native memory allocation (malloc) failed to allocate 32784 bytes for Chunk::new
# Possible reasons:
#   The system is out of physical RAM or swap space
#   The process is running with CompressedOops enabled, and the Java Heap may be blocking the growth of the native heap
# Possible solutions:
#   Reduce memory load on the system
#   Increase physical memory or swap space
#   Check if swap backing store is full
#   Decrease Java heap size (-Xmx/-Xms)
#   Decrease number of Java threads
#   Decrease Java thread stack sizes (-Xss)
#   Set larger code cache with -XX:ReservedCodeCacheSize=
#   JVM is running with Zero Based Compressed Oops mode in which the Java heap is
#     placed in the first 32GB address space. The Java Heap base address is the
#     maximum limit for the native heap growth. Please use -XX:HeapBaseMinAddress
#     to set the Java Heap base and to place the Java Heap above 32GB virtual address.
# This output file may be truncated or incomplete.
#
#  Out of Memory Error (allocation.cpp:389), pid=19052, tid=0x00000000000046b0
#
# JRE version: Java(TM) SE Runtime Environment (8.0_251-b08) (build 1.8.0_251-b08)
# Java VM: Java HotSpot(TM) 64-Bit Server VM (25.251-b08 mixed mode windows-amd64 compressed oops)
# Failed to write core dump. Minidumps are not enabled by default on client versions of Windows
#

---------------  T H R E A D  ---------------

Current thread (0x000000001ec83000):  JavaThread "C2 CompilerThread1" daemon [_thread_in_native, id=18096, stack(0x00000000203c0000,0x00000000204c0000)]

Stack: [0x00000000203c0000,0x00000000204c0000]
[error occurred during error reporting (printing stack bounds), id 0xc0000005]

Native frames: (J=compiled Java code, j=interpreted, Vv=VM code, C=native code)


Current CompileTask:
C2:    334  536   !   4       sun.nio.cs.StreamDecoder::read (196 bytes)


---------------  P R O C E S S  ---------------

Java Threads: ( => current thread )
  0x000000001ec8f000 JavaThread "Service Thread" daemon [_thread_blocked, id=13472, stack(0x00000000207c0000,0x00000000208c0000)]
  0x000000001ec86800 JavaThread "C1 CompilerThread3" daemon [_thread_in_native, id=21292, stack(0x00000000205c0000,0x00000000206c0000)]
  0x000000001ec86000 JavaThread "C2 CompilerThread2" daemon [_thread_in_native, id=18464, stack(0x00000000204c0000,0x00000000205c0000)]
=>0x000000001ec83000 JavaThread "C2 CompilerThread1" daemon [_thread_in_native, id=18096, stack(0x00000000203c0000,0x00000000204c0000)]
  0x000000001ec79000 JavaThread "C2 CompilerThread0" daemon [_thread_in_native, id=696, stack(0x00000000202c0000,0x00000000203c0000)]
  0x000000001ec74800 JavaThread "Attach Listener" daemon [_thread_blocked, id=6036, stack(0x00000000201c0000,0x00000000202c0000)]
  0x000000001ec77800 JavaThread "Signal Dispatcher" daemon [_thread_blocked, id=22480, stack(0x00000000200c0000,0x00000000201c0000)]
  0x0000000003adb800 JavaThread "Finalizer" daemon [_thread_blocked, id=19480, stack(0x000000001fec0000,0x000000001ffc0000)]
  0x000000001ec63000 JavaThread "Reference Handler" daemon [_thread_blocked, id=9468, stack(0x000000001fdc0000,0x000000001fec0000)]
  0x000000000384e800 JavaThread "main" [_thread_in_vm, id=21648, stack(0x00000000038e0000,0x00000000039e0000)]

Other Threads:
  0x000000001ec42800 VMThread [stack: 0x000000001fcc0000,0x000000001fdc0000] [id=7324]
  0x000000001ed1f800 WatcherThread [stack: 0x00000000208c0000,0x00000000209c0000] [id=16816]

VM state:not at safepoint (normal execution)

VM Mutex/Monitor currently owned by a thread: None

heap address: 0x00000006c4000000, size: 4032 MB, Compressed Oops mode: Zero based, Oop shift amount: 3
Narrow klass base: 0x0000000000000000, Narrow klass shift: 3
Compressed class space size: 1073741824 Address: 0x00000007c0000000

Heap:
 PSYoungGen      total 75264K, used 24530K [0x000000076c000000, 0x0000000771400000, 0x00000007c0000000)
  eden space 64512K, 38% used [0x000000076c000000,0x000000076d7f4948,0x000000076ff00000)
  from space 10752K, 0% used [0x0000000770980000,0x0000000770980000,0x0000000771400000)
  to   space 10752K, 0% used [0x000000076ff00000,0x000000076ff00000,0x0000000770980000)
 ParOldGen       total 172032K, used 0K [0x00000006c4000000, 0x00000006ce800000, 0x000000076c000000)
  object space 172032K, 0% used [0x00000006c4000000,0x00000006c4000000,0x00000006ce800000)
 Metaspace       used 7815K, capacity 7900K, committed 7936K, reserved 1058816K
  class space    used 956K, capacity 1016K, committed 1024K, reserved 1048576K

Card table byte_map: [0x0000000012ea0000,0x0000000013690000] byte_map_base: 0x000000000f880000

Marking Bits: (ParMarkBitMap*) 0x0000000075a3af90
 Begin Bits: [0x00000000145d0000, 0x00000000184d0000)
 End Bits:   [0x00000000184d0000, 0x000000001c3d0000)

Polling page: 0x00000000033c0000

CodeCache: size=245760Kb used=2601Kb max_used=2601Kb free=243158Kb
 bounds [0x0000000003ae0000, 0x0000000003d70000, 0x0000000012ae0000]
 total_blobs=841 nmethods=540 adapters=214
 compilation: enabled

Compilation events (10 events):
Event: 0.321 Thread 0x000000001ec86800 nmethod 511 0x0000000003d54d90 code [0x0000000003d54ee0, 0x0000000003d55090]
Event: 0.321 Thread 0x000000001ec86800  512       3       java.io.InputStreamReader::read (11 bytes)
Event: 0.322 Thread 0x000000001ec86800 nmethod 512 0x0000000003d549d0 code [0x0000000003d54b40, 0x0000000003d54cc8]
Event: 0.322 Thread 0x000000001ec86800  514       2       org.codehaus.plexus.util.xml.XmlReader::read (11 bytes)
Event: 0.322 Thread 0x000000001ec86800 nmethod 514 0x0000000003d57510 code [0x0000000003d57680, 0x0000000003d57808]
Event: 0.322 Thread 0x000000001ec86800  515       2       org.codehaus.plexus.util.InterpolationFilterReader::read (477 bytes)
Event: 0.322 Thread 0x000000001ec86000  537       4       java.io.InputStreamReader::read (11 bytes)
Event: 0.322 Thread 0x000000001ec79000  538       4       java.nio.CharBuffer::arrayOffset (35 bytes)
Event: 0.322 Thread 0x000000001ec79000 nmethod 538 0x0000000003d5a550 code [0x0000000003d5a680, 0x0000000003d5a718]
Event: 0.322 Thread 0x000000001ec79000  539       4       org.codehaus.plexus.util.xml.XmlReader::read (11 bytes)

GC Heap History (0 events):
No events

Deoptimization events (2 events):
Event: 0.217 Thread 0x000000000384e800 Uncommon trap: reason=unstable_if action=reinterpret pc=0x0000000003c5e040 method=java.lang.String.indexOf([CII[CIII)I @ 3
Event: 0.317 Thread 0x000000000384e800 Uncommon trap: reason=unstable_if action=reinterpret pc=0x0000000003ca7528 method=org.codehaus.plexus.util.xml.pull.MXParser.more()C @ 8

Classes redefined (0 events):
No events

Internal exceptions (9 events):
Event: 0.025 Thread 0x000000000384e800 Exception <a 'java/lang/NoSuchMethodError': Method sun.misc.Unsafe.defineClass(Ljava/lang/String;[BII)Ljava/lang/Class; name or signature does not match> (0x000000076c007cc0) thrown at [C:\jenkins\workspace\8-2-build-windows-amd64-cygwin\jdk8u251\737\hots
Event: 0.025 Thread 0x000000000384e800 Exception <a 'java/lang/NoSuchMethodError': Method sun.misc.Unsafe.prefetchRead(Ljava/lang/Object;J)V name or signature does not match> (0x000000076c007fa8) thrown at [C:\jenkins\workspace\8-2-build-windows-amd64-cygwin\jdk8u251\737\hotspot\src\share\vm\p
Event: 0.125 Thread 0x000000000384e800 Exception <a 'java/security/PrivilegedActionException'> (0x000000076c4a3fd0) thrown at [C:\jenkins\workspace\8-2-build-windows-amd64-cygwin\jdk8u251\737\hotspot\src\share\vm\prims\jvm.cpp, line 1502]
Event: 0.125 Thread 0x000000000384e800 Exception <a 'java/security/PrivilegedActionException'> (0x000000076c4a41e0) thrown at [C:\jenkins\workspace\8-2-build-windows-amd64-cygwin\jdk8u251\737\hotspot\src\share\vm\prims\jvm.cpp, line 1502]
Event: 0.125 Thread 0x000000000384e800 Exception <a 'java/security/PrivilegedActionException'> (0x000000076c4a82d8) thrown at [C:\jenkins\workspace\8-2-build-windows-amd64-cygwin\jdk8u251\737\hotspot\src\share\vm\prims\jvm.cpp, line 1502]
Event: 0.125 Thread 0x000000000384e800 Exception <a 'java/security/PrivilegedActionException'> (0x000000076c4a84e8) thrown at [C:\jenkins\workspace\8-2-build-windows-amd64-cygwin\jdk8u251\737\hotspot\src\share\vm\prims\jvm.cpp, line 1502]
Event: 0.306 Thread 0x000000000384e800 Exception <a 'java/lang/ArrayIndexOutOfBoundsException'> (0x000000076d350860) thrown at [C:\jenkins\workspace\8-2-build-windows-amd64-cygwin\jdk8u251\737\hotspot\src\share\vm\runtime\sharedRuntime.cpp, line 605]
Event: 0.308 Thread 0x000000000384e800 Exception <a 'java/lang/ArrayIndexOutOfBoundsException'> (0x000000076d36c550) thrown at [C:\jenkins\workspace\8-2-build-windows-amd64-cygwin\jdk8u251\737\hotspot\src\share\vm\runtime\sharedRuntime.cpp, line 605]
Event: 0.312 Thread 0x000000000384e800 Exception <a 'java/lang/ArrayIndexOutOfBoundsException'> (0x000000076d3ccba8) thrown at [C:\jenkins\workspace\8-2-build-windows-amd64-cygwin\jdk8u251\737\hotspot\src\share\vm\runtime\sharedRuntime.cpp, line 605]

Events (10 events):
Event: 0.315 loading class org/eclipse/sisu/plexus/PlexusTypeRegistry done
Event: 0.315 loading class org/codehaus/plexus/component/annotations/Component
Event: 0.315 loading class org/codehaus/plexus/component/annotations/Component done
Event: 0.316 loading class org/eclipse/sisu/plexus/ComponentImpl
Event: 0.316 loading class org/eclipse/sisu/plexus/ComponentImpl done
Event: 0.317 loading class org/eclipse/sisu/space/Streams
Event: 0.317 loading class org/eclipse/sisu/space/Streams done
Event: 0.317 Thread 0x000000000384e800 Uncommon trap: trap_request=0xffffff65 fr.pc=0x0000000003ca7528
Event: 0.317 Thread 0x000000000384e800 DEOPT PACKING pc=0x0000000003ca7528 sp=0x00000000039ddf40
Event: 0.317 Thread 0x000000000384e800 DEOPT UNPACKING pc=0x0000000003b2583b sp=0x00000000039dded8 mode 2


Dynamic libraries:
0x00007ff79d6b0000 - 0x00007ff79d6e7000 	C:\Program Files\Java\jdk1.8.0_251\bin\java.exe
0x00007ffc4b650000 - 0x00007ffc4b844000 	C:\WINDOWS\SYSTEM32\ntdll.dll
0x00007ffc4b050000 - 0x00007ffc4b10d000 	C:\WINDOWS\System32\KERNEL32.DLL
0x00007ffc48ea0000 - 0x00007ffc49167000 	C:\WINDOWS\System32\KERNELBASE.dll
0x00007ffc4afa0000 - 0x00007ffc4b04a000 	C:\WINDOWS\System32\ADVAPI32.dll
0x00007ffc4aa30000 - 0x00007ffc4aace000 	C:\WINDOWS\System32\msvcrt.dll
0x00007ffc4b190000 - 0x00007ffc4b22b000 	C:\WINDOWS\System32\sechost.dll
0x00007ffc4a1b0000 - 0x00007ffc4a2d3000 	C:\WINDOWS\System32\RPCRT4.dll
0x00007ffc4b470000 - 0x00007ffc4b610000 	C:\WINDOWS\System32\USER32.dll
0x00007ffc49510000 - 0x00007ffc49532000 	C:\WINDOWS\System32\win32u.dll
0x00007ffc4ab30000 - 0x00007ffc4ab5a000 	C:\WINDOWS\System32\GDI32.dll
0x00007ffc491f0000 - 0x00007ffc492fa000 	C:\WINDOWS\System32\gdi32full.dll
0x00007ffc49540000 - 0x00007ffc495dd000 	C:\WINDOWS\System32\msvcp_win.dll
0x00007ffc48da0000 - 0x00007ffc48ea0000 	C:\WINDOWS\System32\ucrtbase.dll
0x00007ffc37760000 - 0x00007ffc379fa000 	C:\WINDOWS\WinSxS\amd64_microsoft.windows.common-controls_6595b64144ccf1df_6.0.19041.1_none_b555e41d4684ddec\COMCTL32.dll
0x00007ffc4a180000 - 0x00007ffc4a1b0000 	C:\WINDOWS\System32\IMM32.DLL
0x00007ffc1ca70000 - 0x00007ffc1cb22000 	C:\Program Files\McAfee\Endpoint Security\Threat Prevention\Ips\EpMPApi.dll
0x00007ffc49660000 - 0x00007ffc496c0000 	C:\WINDOWS\System32\WINTRUST.dll
0x00007ffc49300000 - 0x00007ffc4945d000 	C:\WINDOWS\System32\CRYPT32.dll
0x00007ffc489a0000 - 0x00007ffc489b2000 	C:\WINDOWS\SYSTEM32\MSASN1.dll
0x0000000076b30000 - 0x0000000076b3c000 	C:\Program Files\McAfee\Endpoint Security\Threat Prevention\Ips\EpMPThe.dll
0x00007ffc182e0000 - 0x00007ffc1831a000 	C:\Program Files\McAfee\Endpoint Security\Threat Prevention\Ips\HIPHandlers64.dll
0x00007ffc4aad0000 - 0x00007ffc4ab25000 	C:\WINDOWS\System32\SHLWAPI.dll
0x0000000075ac0000 - 0x0000000075b92000 	C:\Program Files\Java\jdk1.8.0_251\jre\bin\msvcr100.dll
0x0000000075210000 - 0x0000000075abb000 	C:\Program Files\Java\jdk1.8.0_251\jre\bin\server\jvm.dll
0x00007ffc4a430000 - 0x00007ffc4a438000 	C:\WINDOWS\System32\PSAPI.DLL
0x00007ffc2f380000 - 0x00007ffc2f389000 	C:\WINDOWS\SYSTEM32\WSOCK32.dll
0x00007ffc37bb0000 - 0x00007ffc37bd7000 	C:\WINDOWS\SYSTEM32\WINMM.dll
0x00007ffc40540000 - 0x00007ffc4054a000 	C:\WINDOWS\SYSTEM32\VERSION.dll
0x00007ffc4b230000 - 0x00007ffc4b29b000 	C:\WINDOWS\System32\WS2_32.dll
0x00007ffc445c0000 - 0x00007ffc445cf000 	C:\Program Files\Java\jdk1.8.0_251\jre\bin\verify.dll
0x00007ffc3f510000 - 0x00007ffc3f539000 	C:\Program Files\Java\jdk1.8.0_251\jre\bin\java.dll
0x00007ffc33530000 - 0x00007ffc33546000 	C:\Program Files\Java\jdk1.8.0_251\jre\bin\zip.dll
0x00007ffc49a40000 - 0x00007ffc4a174000 	C:\WINDOWS\System32\SHELL32.dll
0x00007ffc46e10000 - 0x00007ffc4759e000 	C:\WINDOWS\SYSTEM32\windows.storage.dll
0x00007ffc4ac40000 - 0x00007ffc4af93000 	C:\WINDOWS\System32\combase.dll
0x00007ffc48820000 - 0x00007ffc4884b000 	C:\WINDOWS\SYSTEM32\Wldp.dll
0x00007ffc49790000 - 0x00007ffc4983e000 	C:\WINDOWS\System32\SHCORE.dll
0x00007ffc48ce0000 - 0x00007ffc48cff000 	C:\WINDOWS\SYSTEM32\profapi.dll
0x00007ffc32e80000 - 0x00007ffc32e8a000 	D:\apache-maven-3.5.4\lib\jansi-native\windows64\jansi.dll

VM Arguments:
jvm_args: -Dclassworlds.conf=D:\apache-maven-3.5.4\bin\..\bin\m2.conf -Dmaven.home=D:\apache-maven-3.5.4\bin\.. -Dlibrary.jansi.path=D:\apache-maven-3.5.4\bin\..\lib\jansi-native -Dmaven.multiModuleProjectDirectory=C:\Users\P3701240\IdeaProjects\liquibase-demo 
java_command: org.codehaus.plexus.classworlds.launcher.Launcher clean install -DskipTests -T4 -q
java_class_path (initial): D:\apache-maven-3.5.4\bin\..\boot\plexus-classworlds-2.5.2.jar
Launcher Type: SUN_STANDARD

Environment Variables:
JAVA_HOME=C:\Program Files\Java\jdk1.8.0_251
PATH=C:\Program Files (x86)\Common Files\Oracle\Java\javapath;C:\WINDOWS\system32;C:\WINDOWS;C:\WINDOWS\System32\Wbem;C:\WINDOWS\System32\WindowsPowerShell\v1.0\;C:\WINDOWS\System32\OpenSSH\;C:\Program Files (x86)\SysinternalsSuite\;C:\Program Files\Intel\WiFi\bin\;C:\Program Files\Common Files\Intel\WirelessCommon\;C:\Program Files\Git\cmd;C:\Users\P3701240\AppData\Local\Microsoft\WindowsApps;C:\Program Files\Java\jdk1.8.0_251\bin;D:\apache-maven-3.5.4\bin;
USERNAME=P3701240
OS=Windows_NT
PROCESSOR_IDENTIFIER=Intel64 Family 6 Model 158 Stepping 10, GenuineIntel



---------------  S Y S T E M  ---------------

OS: Windows 10.0 , 64 bit Build 19041 (10.0.19041.292)

CPU:total 12 (initial active 12) (6 cores per cpu, 2 threads per core) family 6 model 158 stepping 10, cmov, cx8, fxsr, mmx, sse, sse2, sse3, ssse3, sse4.1, sse4.2, popcnt, avx, avx2, aes, clmul, erms, 3dnowpref, lzcnt, ht, tsc, tscinvbit, bmi1, bmi2, adx

Memory: 4k page, physical 16511460k(5533544k free), swap 17560036k(3132k free)

vm_info: Java HotSpot(TM) 64-Bit Server VM (25.251-b08) for windows-amd64 JRE (1.8.0_251-b08), built on Mar 12 2020 06:31:49 by "" with MS VC++ 10.0 (VS2010)

time: Wed Jul 01 16:38:56 2020
timezone: GTB Daylight Time
elapsed time: 0 seconds (0d 0h 0m 0s)

