#
# There is insufficient memory for the Java Runtime Environment to continue.
# Native memory allocation (malloc) failed to allocate 967696 bytes for Chunk::new
# Possible reasons:
#   The system is out of physical RAM or swap space
#   The process is running with CompressedOops enabled, and the Java Heap may be blocking the growth of the native heap
# Possible solutions:
#   Reduce memory load on the system
#   Increase physical memory or swap space
#   Check if swap backing store is full
#   Decrease Java heap size (-Xmx/-Xms)
#   Decrease number of Java threads
#   Decrease Java thread stack sizes (-Xss)
#   Set larger code cache with -XX:ReservedCodeCacheSize=
#   JVM is running with Zero Based Compressed Oops mode in which the Java heap is
#     placed in the first 32GB address space. The Java Heap base address is the
#     maximum limit for the native heap growth. Please use -XX:HeapBaseMinAddress
#     to set the Java Heap base and to place the Java Heap above 32GB virtual address.
# This output file may be truncated or incomplete.
#
#  Out of Memory Error (allocation.cpp:389), pid=19236, tid=0x0000000000003bfc
#
# JRE version: Java(TM) SE Runtime Environment (8.0_251-b08) (build 1.8.0_251-b08)
# Java VM: Java HotSpot(TM) 64-Bit Server VM (25.251-b08 mixed mode windows-amd64 compressed oops)
# Failed to write core dump. Minidumps are not enabled by default on client versions of Windows
#

---------------  T H R E A D  ---------------

Current thread (0x000000001e152000):  JavaThread "C2 CompilerThread1" daemon [_thread_in_native, id=15356, stack(0x000000001f8a0000,0x000000001f9a0000)]

Stack: [0x000000001f8a0000,0x000000001f9a0000]
[error occurred during error reporting (printing stack bounds), id 0xc0000005]

Native frames: (J=compiled Java code, j=interpreted, Vv=VM code, C=native code)


Current CompileTask:
C2:   1160 1978   !   4       org.codehaus.plexus.interpolation.StringSearchInterpolator::interpolate (650 bytes)


---------------  P R O C E S S  ---------------

Java Threads: ( => current thread )
  0x000000001e1dd800 JavaThread "Service Thread" daemon [_thread_blocked, id=17604, stack(0x000000001fca0000,0x000000001fda0000)]
  0x000000001e155800 JavaThread "C1 CompilerThread3" daemon [_thread_in_native, id=7496, stack(0x000000001faa0000,0x000000001fba0000)]
  0x000000001e155000 JavaThread "C2 CompilerThread2" daemon [_thread_in_native, id=1896, stack(0x000000001f9a0000,0x000000001faa0000)]
=>0x000000001e152000 JavaThread "C2 CompilerThread1" daemon [_thread_in_native, id=15356, stack(0x000000001f8a0000,0x000000001f9a0000)]
  0x000000001e144800 JavaThread "C2 CompilerThread0" daemon [_thread_in_native, id=18164, stack(0x000000001f7a0000,0x000000001f8a0000)]
  0x000000001e143800 JavaThread "Attach Listener" daemon [_thread_blocked, id=2720, stack(0x000000001f6a0000,0x000000001f7a0000)]
  0x000000001e142000 JavaThread "Signal Dispatcher" daemon [_thread_blocked, id=19956, stack(0x000000001f5a0000,0x000000001f6a0000)]
  0x0000000002f8b800 JavaThread "Finalizer" daemon [_thread_blocked, id=19028, stack(0x000000001f3a0000,0x000000001f4a0000)]
  0x000000001e133000 JavaThread "Reference Handler" daemon [_thread_blocked, id=21028, stack(0x000000001f2a0000,0x000000001f3a0000)]
  0x00000000029ee800 JavaThread "main" [_thread_in_Java, id=18192, stack(0x0000000002d90000,0x0000000002e90000)]

Other Threads:
  0x000000001e112800 VMThread [stack: 0x000000001f1a0000,0x000000001f2a0000] [id=11080]
  0x000000001e1f0800 WatcherThread [stack: 0x000000001fda0000,0x000000001fea0000] [id=13856]

VM state:not at safepoint (normal execution)

VM Mutex/Monitor currently owned by a thread: None

heap address: 0x00000006c4000000, size: 4032 MB, Compressed Oops mode: Zero based, Oop shift amount: 3
Narrow klass base: 0x0000000000000000, Narrow klass shift: 3
Compressed class space size: 1073741824 Address: 0x00000007c0000000

Heap:
 PSYoungGen      total 75264K, used 74453K [0x000000076c000000, 0x0000000775300000, 0x00000007c0000000)
  eden space 64512K, 99% used [0x000000076c000000,0x000000076fef05e8,0x000000076ff00000)
  from space 10752K, 93% used [0x000000076ff00000,0x00000007708c4ec0,0x0000000770980000)
  to   space 10752K, 0% used [0x0000000774880000,0x0000000774880000,0x0000000775300000)
 ParOldGen       total 172032K, used 16K [0x00000006c4000000, 0x00000006ce800000, 0x000000076c000000)
  object space 172032K, 0% used [0x00000006c4000000,0x00000006c4004000,0x00000006ce800000)
 Metaspace       used 14972K, capacity 15214K, committed 15616K, reserved 1062912K
  class space    used 1825K, capacity 1941K, committed 2048K, reserved 1048576K

Card table byte_map: [0x0000000012350000,0x0000000012b40000] byte_map_base: 0x000000000ed30000

Marking Bits: (ParMarkBitMap*) 0x0000000075a3af90
 Begin Bits: [0x0000000013a80000, 0x0000000017980000)
 End Bits:   [0x0000000017980000, 0x000000001b880000)

Polling page: 0x0000000002860000

CodeCache: size=245760Kb used=7640Kb max_used=7640Kb free=238119Kb
 bounds [0x0000000002f90000, 0x0000000003710000, 0x0000000011f90000]
 total_blobs=2539 nmethods=2185 adapters=266
 compilation: enabled

Compilation events (10 events):
Event: 1.154 Thread 0x000000001e155800 nmethod 2201 0x00000000036ff0d0 code [0x00000000036ff480, 0x0000000003701768]
Event: 1.154 Thread 0x000000001e155800 2198       3       java.util.regex.Pattern::expr (142 bytes)
Event: 1.154 Thread 0x000000001e155800 nmethod 2198 0x0000000003702550 code [0x0000000003702780, 0x00000000037033c8]
Event: 1.154 Thread 0x000000001e155800 2210       3       java.util.regex.Pattern::atom (379 bytes)
Event: 1.155 Thread 0x000000001e155800 nmethod 2210 0x0000000003703a10 code [0x0000000003703d00, 0x0000000003705318]
Event: 1.155 Thread 0x000000001e155800 2189       3       java.util.regex.Pattern$CharProperty::<init> (5 bytes)
Event: 1.156 Thread 0x000000001e155800 nmethod 2189 0x0000000003705d90 code [0x0000000003705f00, 0x0000000003706190]
Event: 1.156 Thread 0x000000001e155800 2190       3       java.util.regex.Pattern$CharProperty::<init> (5 bytes)
Event: 1.156 Thread 0x000000001e155800 nmethod 2190 0x00000000037062d0 code [0x0000000003706440, 0x0000000003706670]
Event: 1.156 Thread 0x000000001e155800 2192       3       java.util.regex.Pattern::closure (477 bytes)

GC Heap History (2 events):
Event: 0.630 GC heap before
{Heap before GC invocations=1 (full 0):
 PSYoungGen      total 75264K, used 64512K [0x000000076c000000, 0x0000000771400000, 0x00000007c0000000)
  eden space 64512K, 100% used [0x000000076c000000,0x000000076ff00000,0x000000076ff00000)
  from space 10752K, 0% used [0x0000000770980000,0x0000000770980000,0x0000000771400000)
  to   space 10752K, 0% used [0x000000076ff00000,0x000000076ff00000,0x0000000770980000)
 ParOldGen       total 172032K, used 0K [0x00000006c4000000, 0x00000006ce800000, 0x000000076c000000)
  object space 172032K, 0% used [0x00000006c4000000,0x00000006c4000000,0x00000006ce800000)
 Metaspace       used 11615K, capacity 11784K, committed 12160K, reserved 1060864K
  class space    used 1457K, capacity 1540K, committed 1664K, reserved 1048576K
Event: 0.637 GC heap after
Heap after GC invocations=1 (full 0):
 PSYoungGen      total 75264K, used 10003K [0x000000076c000000, 0x0000000775300000, 0x00000007c0000000)
  eden space 64512K, 0% used [0x000000076c000000,0x000000076c000000,0x000000076ff00000)
  from space 10752K, 93% used [0x000000076ff00000,0x00000007708c4ec0,0x0000000770980000)
  to   space 10752K, 0% used [0x0000000774880000,0x0000000774880000,0x0000000775300000)
 ParOldGen       total 172032K, used 16K [0x00000006c4000000, 0x00000006ce800000, 0x000000076c000000)
  object space 172032K, 0% used [0x00000006c4000000,0x00000006c4004000,0x00000006ce800000)
 Metaspace       used 11615K, capacity 11784K, committed 12160K, reserved 1060864K
  class space    used 1457K, capacity 1540K, committed 1664K, reserved 1048576K
}

Deoptimization events (10 events):
Event: 0.961 Thread 0x00000000029ee800 Uncommon trap: reason=unstable_if action=reinterpret pc=0x00000000034cbe20 method=org.codehaus.plexus.util.xml.pull.MXParser.isS(C)Z @ 21
Event: 0.967 Thread 0x00000000029ee800 Uncommon trap: reason=unstable_if action=reinterpret pc=0x0000000003239544 method=sun.nio.cs.UTF_8$Decoder.decode([BII[C)I @ 30
Event: 0.967 Thread 0x00000000029ee800 Uncommon trap: reason=unstable_if action=reinterpret pc=0x000000000322f544 method=sun.nio.cs.UTF_8$Decoder.decodeArrayLoop(Ljava/nio/ByteBuffer;Ljava/nio/CharBuffer;)Ljava/nio/charset/CoderResult; @ 84
Event: 0.974 Thread 0x00000000029ee800 Uncommon trap: reason=unstable_if action=reinterpret pc=0x00000000035041d0 method=java.lang.String.regionMatches(ZILjava/lang/String;II)Z @ 25
Event: 0.985 Thread 0x00000000029ee800 Uncommon trap: reason=bimorphic action=maybe_recompile pc=0x00000000035eab0c method=java.util.regex.Pattern$Curly.match0(Ljava/util/regex/Matcher;IILjava/lang/CharSequence;)Z @ 170
Event: 1.005 Thread 0x00000000029ee800 Uncommon trap: reason=unstable_if action=reinterpret pc=0x00000000035edcf0 method=org.codehaus.plexus.util.xml.pull.MXParser.nextImpl()I @ 280
Event: 1.060 Thread 0x00000000029ee800 Uncommon trap: reason=bimorphic action=maybe_recompile pc=0x00000000035eab0c method=java.util.regex.Pattern$Curly.match0(Ljava/util/regex/Matcher;IILjava/lang/CharSequence;)Z @ 170
Event: 1.147 Thread 0x00000000029ee800 Uncommon trap: reason=bimorphic action=maybe_recompile pc=0x00000000035eab0c method=java.util.regex.Pattern$Curly.match0(Ljava/util/regex/Matcher;IILjava/lang/CharSequence;)Z @ 170
Event: 1.147 Thread 0x00000000029ee800 Uncommon trap: reason=bimorphic action=maybe_recompile pc=0x00000000035eab0c method=java.util.regex.Pattern$Curly.match0(Ljava/util/regex/Matcher;IILjava/lang/CharSequence;)Z @ 170
Event: 1.147 Thread 0x00000000029ee800 Uncommon trap: reason=bimorphic action=maybe_recompile pc=0x00000000035c5cb0 method=java.util.regex.Pattern$Curly.match0(Ljava/util/regex/Matcher;IILjava/lang/CharSequence;)Z @ 170

Classes redefined (0 events):
No events

Internal exceptions (10 events):
Event: 0.728 Thread 0x00000000029ee800 Exception <a 'java/lang/NoClassDefFoundError': javax/annotation/Priority> (0x000000076c8455b0) thrown at [C:\jenkins\workspace\8-2-build-windows-amd64-cygwin\jdk8u251\737\hotspot\src\share\vm\classfile\systemDictionary.cpp, line 199]
Event: 0.828 Thread 0x00000000029ee800 Exception <a 'java/lang/NullPointerException'> (0x000000076cea6de8) thrown at [C:\jenkins\workspace\8-2-build-windows-amd64-cygwin\jdk8u251\737\hotspot\src\share\vm\interpreter\linkResolver.cpp, line 1185]
Event: 0.828 Thread 0x00000000029ee800 Exception <a 'java/lang/NullPointerException'> (0x000000076cea7000) thrown at [C:\jenkins\workspace\8-2-build-windows-amd64-cygwin\jdk8u251\737\hotspot\src\share\vm\interpreter\linkResolver.cpp, line 1185]
Event: 0.828 Thread 0x00000000029ee800 Exception <a 'java/lang/NullPointerException'> (0x000000076cea7218) thrown at [C:\jenkins\workspace\8-2-build-windows-amd64-cygwin\jdk8u251\737\hotspot\src\share\vm\interpreter\linkResolver.cpp, line 1185]
Event: 0.829 Thread 0x00000000029ee800 Exception <a 'java/lang/NullPointerException'> (0x000000076cebd5e0) thrown at [C:\jenkins\workspace\8-2-build-windows-amd64-cygwin\jdk8u251\737\hotspot\src\share\vm\interpreter\linkResolver.cpp, line 1185]
Event: 0.829 Thread 0x00000000029ee800 Exception <a 'java/lang/NullPointerException'> (0x000000076cebd7f8) thrown at [C:\jenkins\workspace\8-2-build-windows-amd64-cygwin\jdk8u251\737\hotspot\src\share\vm\interpreter\linkResolver.cpp, line 1185]
Event: 0.829 Thread 0x00000000029ee800 Exception <a 'java/lang/NullPointerException'> (0x000000076cebda10) thrown at [C:\jenkins\workspace\8-2-build-windows-amd64-cygwin\jdk8u251\737\hotspot\src\share\vm\interpreter\linkResolver.cpp, line 1185]
Event: 0.845 Thread 0x00000000029ee800 Implicit null exception at 0x00000000031f6719 to 0x00000000031f6ad5
Event: 0.845 Thread 0x00000000029ee800 Implicit null exception at 0x00000000031a40d4 to 0x00000000031a44a5
Event: 0.944 Thread 0x00000000029ee800 Implicit null exception at 0x0000000003587c6f to 0x0000000003588fa1

Events (10 events):
Event: 1.143 loading class org/apache/maven/project/DefaultProjectBuildingResult done
Event: 1.147 Thread 0x00000000029ee800 Uncommon trap: trap_request=0xffffffc6 fr.pc=0x00000000035eab0c
Event: 1.147 Thread 0x00000000029ee800 DEOPT PACKING pc=0x00000000035eab0c sp=0x0000000002e8dbd0
Event: 1.147 Thread 0x00000000029ee800 DEOPT UNPACKING pc=0x0000000002fd583b sp=0x0000000002e8da90 mode 2
Event: 1.147 Thread 0x00000000029ee800 Uncommon trap: trap_request=0xffffffc6 fr.pc=0x00000000035eab0c
Event: 1.147 Thread 0x00000000029ee800 DEOPT PACKING pc=0x00000000035eab0c sp=0x0000000002e8dbd0
Event: 1.147 Thread 0x00000000029ee800 DEOPT UNPACKING pc=0x0000000002fd583b sp=0x0000000002e8da90 mode 2
Event: 1.147 Thread 0x00000000029ee800 Uncommon trap: trap_request=0xffffffc6 fr.pc=0x00000000035c5cb0
Event: 1.147 Thread 0x00000000029ee800 DEOPT PACKING pc=0x00000000035c5cb0 sp=0x0000000002e8daf0
Event: 1.147 Thread 0x00000000029ee800 DEOPT UNPACKING pc=0x0000000002fd583b sp=0x0000000002e8da68 mode 2


Dynamic libraries:
0x00007ff79d6b0000 - 0x00007ff79d6e7000 	C:\Program Files\Java\jdk1.8.0_251\bin\java.exe
0x00007ffc4b650000 - 0x00007ffc4b844000 	C:\WINDOWS\SYSTEM32\ntdll.dll
0x00007ffc4b050000 - 0x00007ffc4b10d000 	C:\WINDOWS\System32\KERNEL32.DLL
0x00007ffc48ea0000 - 0x00007ffc49167000 	C:\WINDOWS\System32\KERNELBASE.dll
0x00007ffc4afa0000 - 0x00007ffc4b04a000 	C:\WINDOWS\System32\ADVAPI32.dll
0x00007ffc4aa30000 - 0x00007ffc4aace000 	C:\WINDOWS\System32\msvcrt.dll
0x00007ffc4b190000 - 0x00007ffc4b22b000 	C:\WINDOWS\System32\sechost.dll
0x00007ffc4a1b0000 - 0x00007ffc4a2d3000 	C:\WINDOWS\System32\RPCRT4.dll
0x00007ffc4b470000 - 0x00007ffc4b610000 	C:\WINDOWS\System32\USER32.dll
0x00007ffc49510000 - 0x00007ffc49532000 	C:\WINDOWS\System32\win32u.dll
0x00007ffc4ab30000 - 0x00007ffc4ab5a000 	C:\WINDOWS\System32\GDI32.dll
0x00007ffc491f0000 - 0x00007ffc492fa000 	C:\WINDOWS\System32\gdi32full.dll
0x00007ffc49540000 - 0x00007ffc495dd000 	C:\WINDOWS\System32\msvcp_win.dll
0x00007ffc48da0000 - 0x00007ffc48ea0000 	C:\WINDOWS\System32\ucrtbase.dll
0x00007ffc37760000 - 0x00007ffc379fa000 	C:\WINDOWS\WinSxS\amd64_microsoft.windows.common-controls_6595b64144ccf1df_6.0.19041.1_none_b555e41d4684ddec\COMCTL32.dll
0x00007ffc4a180000 - 0x00007ffc4a1b0000 	C:\WINDOWS\System32\IMM32.DLL
0x00007ffc1ca70000 - 0x00007ffc1cb22000 	C:\Program Files\McAfee\Endpoint Security\Threat Prevention\Ips\EpMPApi.dll
0x00007ffc49660000 - 0x00007ffc496c0000 	C:\WINDOWS\System32\WINTRUST.dll
0x00007ffc49300000 - 0x00007ffc4945d000 	C:\WINDOWS\System32\CRYPT32.dll
0x00007ffc489a0000 - 0x00007ffc489b2000 	C:\WINDOWS\SYSTEM32\MSASN1.dll
0x0000000076b30000 - 0x0000000076b3c000 	C:\Program Files\McAfee\Endpoint Security\Threat Prevention\Ips\EpMPThe.dll
0x00007ffc182e0000 - 0x00007ffc1831a000 	C:\Program Files\McAfee\Endpoint Security\Threat Prevention\Ips\HIPHandlers64.dll
0x00007ffc4aad0000 - 0x00007ffc4ab25000 	C:\WINDOWS\System32\SHLWAPI.dll
0x0000000075ac0000 - 0x0000000075b92000 	C:\Program Files\Java\jdk1.8.0_251\jre\bin\msvcr100.dll
0x0000000075210000 - 0x0000000075abb000 	C:\Program Files\Java\jdk1.8.0_251\jre\bin\server\jvm.dll
0x00007ffc4a430000 - 0x00007ffc4a438000 	C:\WINDOWS\System32\PSAPI.DLL
0x00007ffc37bb0000 - 0x00007ffc37bd7000 	C:\WINDOWS\SYSTEM32\WINMM.dll
0x00007ffc2f380000 - 0x00007ffc2f389000 	C:\WINDOWS\SYSTEM32\WSOCK32.dll
0x00007ffc40540000 - 0x00007ffc4054a000 	C:\WINDOWS\SYSTEM32\VERSION.dll
0x00007ffc4b230000 - 0x00007ffc4b29b000 	C:\WINDOWS\System32\WS2_32.dll
0x00007ffc445c0000 - 0x00007ffc445cf000 	C:\Program Files\Java\jdk1.8.0_251\jre\bin\verify.dll
0x00007ffc3f510000 - 0x00007ffc3f539000 	C:\Program Files\Java\jdk1.8.0_251\jre\bin\java.dll
0x00007ffc33530000 - 0x00007ffc33546000 	C:\Program Files\Java\jdk1.8.0_251\jre\bin\zip.dll
0x00007ffc49a40000 - 0x00007ffc4a174000 	C:\WINDOWS\System32\SHELL32.dll
0x00007ffc46e10000 - 0x00007ffc4759e000 	C:\WINDOWS\SYSTEM32\windows.storage.dll
0x00007ffc4ac40000 - 0x00007ffc4af93000 	C:\WINDOWS\System32\combase.dll
0x00007ffc48820000 - 0x00007ffc4884b000 	C:\WINDOWS\SYSTEM32\Wldp.dll
0x00007ffc49790000 - 0x00007ffc4983e000 	C:\WINDOWS\System32\SHCORE.dll
0x00007ffc48ce0000 - 0x00007ffc48cff000 	C:\WINDOWS\SYSTEM32\profapi.dll
0x00007ffc330f0000 - 0x00007ffc330fa000 	D:\apache-maven-3.5.4\lib\jansi-native\windows64\jansi.dll
0x00007ffc334e0000 - 0x00007ffc334fa000 	C:\Program Files\Java\jdk1.8.0_251\jre\bin\net.dll
0x00007ffc485a0000 - 0x00007ffc4860a000 	C:\WINDOWS\system32\mswsock.dll
0x00007ffc334c0000 - 0x00007ffc334d2000 	C:\Program Files\Java\jdk1.8.0_251\jre\bin\nio.dll

VM Arguments:
jvm_args: -Dclassworlds.conf=D:\apache-maven-3.5.4\bin\..\bin\m2.conf -Dmaven.home=D:\apache-maven-3.5.4\bin\.. -Dlibrary.jansi.path=D:\apache-maven-3.5.4\bin\..\lib\jansi-native -Dmaven.multiModuleProjectDirectory=C:\Users\P3701240\IdeaProjects\liquibase-demo 
java_command: org.codehaus.plexus.classworlds.launcher.Launcher clean install -DskipTests -T4 -q
java_class_path (initial): D:\apache-maven-3.5.4\bin\..\boot\plexus-classworlds-2.5.2.jar
Launcher Type: SUN_STANDARD

Environment Variables:
JAVA_HOME=C:\Program Files\Java\jdk1.8.0_251
PATH=C:\Program Files (x86)\Common Files\Oracle\Java\javapath;C:\WINDOWS\system32;C:\WINDOWS;C:\WINDOWS\System32\Wbem;C:\WINDOWS\System32\WindowsPowerShell\v1.0\;C:\WINDOWS\System32\OpenSSH\;C:\Program Files (x86)\SysinternalsSuite\;C:\Program Files\Intel\WiFi\bin\;C:\Program Files\Common Files\Intel\WirelessCommon\;C:\Program Files\Git\cmd;C:\Users\P3701240\AppData\Local\Microsoft\WindowsApps;C:\Program Files\Java\jdk1.8.0_251\bin;D:\apache-maven-3.5.4\bin;
USERNAME=P3701240
OS=Windows_NT
PROCESSOR_IDENTIFIER=Intel64 Family 6 Model 158 Stepping 10, GenuineIntel



---------------  S Y S T E M  ---------------

OS: Windows 10.0 , 64 bit Build 19041 (10.0.19041.292)

CPU:total 12 (initial active 12) (6 cores per cpu, 2 threads per core) family 6 model 158 stepping 10, cmov, cx8, fxsr, mmx, sse, sse2, sse3, ssse3, sse4.1, sse4.2, popcnt, avx, avx2, aes, clmul, erms, 3dnowpref, lzcnt, ht, tsc, tscinvbit, bmi1, bmi2, adx

Memory: 4k page, physical 16511460k(5458496k free), swap 17560036k(5168k free)

vm_info: Java HotSpot(TM) 64-Bit Server VM (25.251-b08) for windows-amd64 JRE (1.8.0_251-b08), built on Mar 12 2020 06:31:49 by "" with MS VC++ 10.0 (VS2010)

time: Wed Jul 01 16:53:40 2020
timezone: GTB Daylight Time
elapsed time: 1 seconds (0d 0h 0m 1s)

